<?xml version="1.0" encoding="UTF-8"?>
<testsuite name="PizzaTest" tests="1" skipped="0" failures="0" errors="0" timestamp="2023-02-22T06:55:06" hostname="DESKTOP-MHVDS3R" time="0.02">
  <properties/>
  <testcase name="FactorySubClassCreateTest()" classname="PizzaTest" time="0.02"/>
  <system-out><![CDATA[]]></system-out>
  <system-err><![CDATA[]]></system-err>
</testsuite>
