<?xml version="1.0" encoding="UTF-8"?>
<testsuite name="IteratorEnumerationAdaptorTest" tests="1" skipped="0" failures="0" errors="0" timestamp="2023-03-09T12:18:30" hostname="DESKTOP-MHVDS3R" time="0.052">
  <properties/>
  <testcase name="UsingArrayListTest()" classname="IteratorEnumerationAdaptorTest" time="0.052"/>
  <system-out><![CDATA[0
1
2
3
4
5
6
7
8
9
]]></system-out>
  <system-err><![CDATA[]]></system-err>
</testsuite>
